=== YAML parse ===
PASS workflow YAML parsed successfully with PyYAML.

=== Signing mode ===
PASS release signing is mandatory in GitHub Actions.
PASS workflow validates SIGNING_KEY.
PASS workflow validates KEY_STORE_PASSWORD or STORE_PASSWORD.
PASS workflow validates KEY_ALIAS.
PASS workflow validates KEY_PASSWORD.
PASS workflow decodes app/keystore/scanmate-release.jks.
PASS workflow validates keystore alias with keytool.

=== Workflow safety checks ===
PASS no hardcoded Android build-tools/34.0.0 verifier remains.
PASS no direct secrets.* usage in if conditionals remains.
PASS artifact upload uses if-no-files-found: error.
PASS release artifact names explicitly include signed.

=== Gradle signing checks ===
PASS app/build.gradle.kts supports KEY_STORE_PASSWORD.
PASS app/build.gradle.kts supports SCANMATE_STORE_PASSWORD generated by workflow validation.
PASS app/build.gradle.kts supports legacy STORE_PASSWORD fallback.
PASS app/build.gradle.kts ignores placeholder YOUR_* values.
PASS app/build.gradle.kts supports SCANMATE_REQUIRE_RELEASE_SIGNING=true.
PASS strict signing failure message added for incomplete release signing.

=== Local build limitation ===
Could not execute ./gradlew because this sandbox cannot download Gradle 8.9 from services.gradle.org and does not include Android SDK tooling. GitHub Actions ubuntu-latest should provide network + Android SDK.
