MANDATORY CHECK 1
8:    <uses-permission android:name="android.permission.USE_BIOMETRIC" />
9:    <uses-permission android:name="android.permission.USE_FINGERPRINT" />
status:0
MANDATORY CHECK 2
44:-keep class com.itextpdf.** { *; }
47:-dontwarn com.itextpdf.**
48:-keep class org.bouncycastle.** { *; }
49:-dontwarn org.bouncycastle.**
status:0
MANDATORY CHECK 3
40:                ByteArray(32).also { java.security.SecureRandom().nextBytes(it) },
status:0
MANDATORY CHECK 4
status:PASS_ZERO_HITS
MANDATORY CHECK 5
137:    var confirmPassword by remember { mutableStateOf("") }
138:    val passwordValid = pdfPassword.length >= 6
139:    val passwordsMatch = confirmPassword == pdfPassword
419:                                isError = pdfPassword.isNotEmpty() && !passwordValid,
422:                            if (pdfPassword.isNotEmpty() && !passwordValid) {
425:                            if (pdfPassword.length >= 6) {
437:                                value = confirmPassword,
438:                                onValueChange = { confirmPassword = it },
441:                                isError = confirmPassword.isNotEmpty() && !passwordsMatch,
442:                                supportingText = { if (confirmPassword.isNotEmpty() && !passwordsMatch) Text("Passwords do not match") },
450:                            if (passwordProtect && (!passwordValid || !passwordsMatch)) {
454:                                if (passwordProtect && passwordValid && passwordsMatch) {
status:0
MANDATORY CHECK 6
status:PASS_ZERO_HITS
MANDATORY CHECK 7
57:import androidx.compose.material3.LinearProgressIndicator
269:                LinearProgressIndicator(modifier = Modifier.fillMaxWidth())
426:                                val passwordStrength = when {
432:                                    LinearProgressIndicator(progress = { passwordStrength.second }, modifier = Modifier.weight(1f).height(4.dp), color = passwordStrength.third, trackColor = MaterialTheme.colorScheme.surfaceVariant)
433:                                    Text(passwordStrength.first, style = MaterialTheme.typography.labelSmall, color = passwordStrength.third, fontWeight = FontWeight.Bold)
status:0
MANDATORY CHECK 8
75:            .setKeySize(256)
status:0
MANDATORY CHECK 9
31:    private val securePrefs: SharedPreferences by lazy {
35:        androidx.security.crypto.EncryptedSharedPreferences.create(
39:            androidx.security.crypto.EncryptedSharedPreferences.PrefKeyEncryptionScheme.AES256_SIV,
40:            androidx.security.crypto.EncryptedSharedPreferences.PrefValueEncryptionScheme.AES256_GCM
55:            securePrefs.getString("gemini_api_key_secure", null)
57:                    securePrefs.edit().putString("gemini_api_key_secure", legacy).apply()
75:        securePrefs.edit().putString("gemini_api_key_secure", apiKey.trim()).apply()
80:        securePrefs.edit().remove("gemini_api_key_secure").apply()
status:0
MANDATORY CHECK 10
142:    implementation(libs.androidx.security.crypto)
status:0
MANDATORY CHECK 11
8:        <exclude domain="database" path="scanmate_database" />
9:        <exclude domain="database" path="scanmate_database-shm" />
10:        <exclude domain="database" path="scanmate_database-wal" />
11:        <exclude domain="file" path="datastore/" />
18:        <exclude domain="database" path="scanmate_database" />
19:        <exclude domain="database" path="scanmate_database-shm" />
20:        <exclude domain="database" path="scanmate_database-wal" />
21:        <exclude domain="file" path="datastore/" />
status:0
MANDATORY CHECK 12
7:        <exclude domain="database" path="scanmate_database" />
8:        <exclude domain="database" path="scanmate_database-shm" />
9:        <exclude domain="database" path="scanmate_database-wal" />
10:        <exclude domain="file" path="datastore/" />
status:0
MANDATORY CHECK 13
133:                ToolAction("erase_marks", "Erase Marks", Icons.Default.AutoAwesome, ToolTone.ACCENT, enabled = true, stateLabel = "Filters", onClick = onNavigateToCamera),
136:                ToolAction("auto_deskew", "Auto Deskew", Icons.Default.AutoAwesome, ToolTone.ACCENT, enabled = true, stateLabel = "Filters", onClick = onNavigateToCamera),
137:                ToolAction("shadow", "Shadow Removal", Icons.Default.AutoAwesome, ToolTone.ACCENT, enabled = true, stateLabel = "Filters", onClick = onNavigateToCamera),
status:PASS_NO_PDFTOOLS_FOR_THREE
MANDATORY CHECK 14
71:    var authError by remember { mutableStateOf<String?>(null) }
83:                            authError = errString.toString()
103:                authError?.let { err ->
108:                        authError = null
112:                                override fun onAuthenticationError(code: Int, msg: CharSequence) { authError = msg.toString() }
119:                    }) { Text("Try again") }
status:0
MANDATORY CHECK 15
50:-keep class androidx.security.crypto.** { *; }
51:-dontwarn androidx.security.crypto.**
52:-keep class com.google.crypto.tink.** { *; }
53:-dontwarn com.google.crypto.tink.**
status:0
MANDATORY CHECK 16
20:        android:networkSecurityConfig="@xml/network_security_config"
status:0
MANDATORY CHECK 17
<?xml version="1.0" encoding="utf-8"?>
<network-security-config>
    <base-config cleartextTrafficPermitted="false">
        <trust-anchors>
            <certificates src="system" />
        </trust-anchors>
    </base-config>
</network-security-config>
3:    <base-config cleartextTrafficPermitted="false">
status:0
MANDATORY CHECK 18
status:PASS_ZERO_HITS
MANDATORY CHECK 19
8:    <uses-permission android:name="android.permission.USE_BIOMETRIC" />
status:0
MANDATORY CHECK 20
Downloading Gradle distribution: https://services.gradle.org/distributions/gradle-8.9-bin.zip
Exception in thread "main" java.io.IOException: Unable to download Gradle distribution. Check internet access or install Gradle 8.9 locally.
	at org.gradle.wrapper.GradleWrapperMain.main(GradleWrapperMain.java:59)
Caused by: java.net.UnknownHostException: services.gradle.org
	at java.base/sun.nio.ch.NioSocketImpl.connect(NioSocketImpl.java:567)
	at java.base/java.net.SocksSocketImpl.connect(SocksSocketImpl.java:327)
	at java.base/java.net.Socket.connect(Socket.java:751)
	at java.base/sun.security.ssl.SSLSocketImpl.connect(SSLSocketImpl.java:304)
	at java.base/sun.net.NetworkClient.doConnect(NetworkClient.java:178)
	at java.base/sun.net.www.http.HttpClient.openServer(HttpClient.java:531)
	at java.base/sun.net.www.http.HttpClient.openServer(HttpClient.java:636)
	at java.base/sun.net.www.protocol.https.HttpsClient.<init>(HttpsClient.java:264)
	at java.base/sun.net.www.protocol.https.HttpsClient.New(HttpsClient.java:377)
	at java.base/sun.net.www.protocol.https.AbstractDelegateHttpsURLConnection.getNewHttpClient(AbstractDelegateHttpsURLConnection.java:193)
	at java.base/sun.net.www.protocol.http.HttpURLConnection.plainConnect0(HttpURLConnection.java:1257)
	at java.base/sun.net.www.protocol.http.HttpURLConnection.plainConnect(HttpURLConnection.java:1143)
	at java.base/sun.net.www.protocol.https.AbstractDelegateHttpsURLConnection.connect(AbstractDelegateHttpsURLConnection.java:179)
	at java.base/sun.net.www.protocol.http.HttpURLConnection.getInputStream0(HttpURLConnection.java:1705)
	at java.base/sun.net.www.protocol.http.HttpURLConnection.getInputStream(HttpURLConnection.java:1629)
	at java.base/sun.net.www.protocol.https.HttpsURLConnectionImpl.getInputStream(HttpsURLConnectionImpl.java:223)
	at org.gradle.wrapper.GradleWrapperMain.download(GradleWrapperMain.java:95)
	at org.gradle.wrapper.GradleWrapperMain.main(GradleWrapperMain.java:57)
status:1
