ScanMate AI Pro v4 static verification
Generated: 2026-05-30T09:42:41Z
Project: /mnt/data/scanmate_v4_work/ScanMate-AI-pro-9.3-main
Pre-edit full file read/hash manifest: /mnt/data/scanmate_v4_before_sha256.txt
Gradle compile attempt: FAILED before compilation because Gradle 8.9 distribution could not be downloaded in the sandbox (UnknownHostException services.gradle.org). See /mnt/data/gradle_compile_attempt.log.

[1] grep -n 'searchDocuments' app/src/main/java/com/synthbyte/scanmate/data/DocDao.kt
63:    fun searchDocuments(query: String): Flow<List<Document>>
RESULT: PASS

[2] grep -n 'searchQuery\|searchResults\|debounce' app/src/main/java/com/synthbyte/scanmate/ui/viewmodels/DocumentViewModel.kt
23:import kotlinx.coroutines.flow.debounce
42:    val searchQuery = MutableStateFlow("")
43:    val searchResults: StateFlow<List<Document>> = searchQuery
44:        .debounce(300L)
49:        searchQuery.value = q
RESULT: PASS

[3] grep -n 'SearchBar\|searchQuery' app/src/main/java/com/synthbyte/scanmate/ui/screens/HomeScreen.kt
59:import androidx.compose.material3.SearchBar
189:                val searchQuery by viewModel.searchQuery.collectAsState()
191:                SearchBar(
192:                    query = searchQuery,
195:                    active = searchQuery.isNotBlank(),
204:                                val idx = t.indexOf(searchQuery, ignoreCase = true).takeIf { it >= 0 } ?: 0
212:                                        val qLower = searchQuery.lowercase()
222:                                                append(snippet.substring(hit, hit + searchQuery.length))
224:                                            i = hit + searchQuery.length
RESULT: PASS

[4] grep -n 'generatePasswordProtectedPdf' app/src/main/java/com/synthbyte/scanmate/utils/PdfExporter.kt
23:    suspend fun generatePasswordProtectedPdf(
RESULT: PASS

[5] grep -n 'itextg' app/build.gradle.kts
141:    implementation("com.itextpdf:itextg:5.5.10")
RESULT: PASS

[6] grep -n 'passwordProtect\|exportProtectedPdf' app/src/main/java/com/synthbyte/scanmate/ui/screens/DocumentDetailScreen.kt
134:    var passwordProtect by remember { mutableStateOf(false) }
404:                        Switch(checked = passwordProtect, onCheckedChange = { passwordProtect = it })
408:                    AnimatedVisibility(visible = passwordProtect) {
421:                            if (passwordProtect && pdfPassword.isNotBlank()) {
422:                                viewModel.exportProtectedPdf(documentWithPages, pdfPassword, exportName)
RESULT: PASS

[7] grep -n 'removeMarksFromBitmap\|removeShadowFromBitmap' app/src/main/java/com/synthbyte/scanmate/utils/ImageProcessor.kt
209:    fun removeMarksFromBitmap(source: Bitmap, sensitivity: Float = 0.18f): Bitmap {
244:    fun removeShadowFromBitmap(source: Bitmap): Bitmap {
RESULT: PASS

[8] grep -n 'removeMarks\|removeShadow' app/src/main/java/com/synthbyte/scanmate/ui/viewmodels/PageEditorViewModel.kt
80:    fun removeMarks(sensitivity: Float = 0.18f) = viewModelScope.launch(Dispatchers.IO) {
82:        runCatching { _workingBitmap.value = ImageProcessor.removeMarksFromBitmap(bmp, sensitivity) }
86:    fun removeShadow() = viewModelScope.launch(Dispatchers.IO) {
88:        runCatching { _workingBitmap.value = ImageProcessor.removeShadowFromBitmap(bmp) }
RESULT: PASS

[9] grep -n 'erase_marks.*true\|shadow.*true' app/src/main/java/com/synthbyte/scanmate/ui/screens/ToolsScreen.kt
133:                ToolAction("erase_marks", "Erase Marks", Icons.Default.AutoAwesome, ToolTone.ACCENT, enabled = true, stateLabel = "Filters", onClick = onNavigateToPdfTools),
137:                ToolAction("shadow", "Shadow Removal", Icons.Default.AutoAwesome, ToolTone.ACCENT, enabled = true, stateLabel = "Filters", onClick = onNavigateToPdfTools),
RESULT: PASS

[10] grep -n 'BiometricPrompt\|vaultUnlocked' app/src/main/java/com/synthbyte/scanmate/ui/screens/VaultScreen.kt
59:import androidx.biometric.BiometricPrompt
70:    var vaultUnlocked by remember { mutableStateOf(false) }
73:    if (!vaultUnlocked) {
76:                val prompt = BiometricPrompt(
79:                    object : BiometricPrompt.AuthenticationCallback() {
80:                        override fun onAuthenticationSucceeded(result: BiometricPrompt.AuthenticationResult) { vaultUnlocked = true }
85:                    BiometricPrompt.PromptInfo.Builder()
92:                vaultUnlocked = true
RESULT: PASS

[11] grep -n 'androidx.biometric' app/build.gradle.kts
140:    implementation(libs.androidx.biometric)
RESULT: PASS

[12] grep -n 'deskewBitmap' app/src/main/java/com/synthbyte/scanmate/utils/ImageProcessor.kt
261:    fun deskewBitmap(source: Bitmap): Bitmap {
RESULT: PASS

[13] grep -n 'auto_deskew.*true' app/src/main/java/com/synthbyte/scanmate/ui/screens/ToolsScreen.kt
136:                ToolAction("auto_deskew", "Auto Deskew", Icons.Default.AutoAwesome, ToolTone.ACCENT, enabled = true, stateLabel = "Filters", onClick = onNavigateToPdfTools),
RESULT: PASS

[14] grep -n 'WHITEBOARD' app/src/main/java/com/synthbyte/scanmate/utils/ImageProcessor.kt
295:        if (type == FilterType.WHITEBOARD) {
349:            FilterType.WHITEBOARD -> Unit
RESULT: PASS

[15] grep -n 'WHITEBOARD' app/src/main/java/com/synthbyte/scanmate/ui/screens/CameraScreen.kt
434:                            selected = selectedFilter == FilterType.WHITEBOARD,
435:                            onClick = { selectedFilter = FilterType.WHITEBOARD },
RESULT: PASS

[16] grep -n 'extractBusinessCard\|BusinessCardResult' app/src/main/java/com/synthbyte/scanmate/utils/DocumentIntelligence.kt
54:    data class BusinessCardResult(
62:    fun extractBusinessCard(ocrText: String): BusinessCardResult {
71:        return BusinessCardResult(name, email, phone, url, lines)
RESULT: PASS

[17] grep -n 'BUSINESS_CARD\|BusinessCard' app/src/main/java/com/synthbyte/scanmate/ui/screens/AiScreen.kt
72:private const val BUSINESS_CARD = "BUSINESS_CARD"
98:        if (selectedWorkflowId == BUSINESS_CARD && prompt.isNotBlank()) DocumentIntelligence.extractBusinessCard(prompt) else null
101:    fun buildVCard(card: DocumentIntelligence.BusinessCardResult): String = buildString {
198:                    selectedBusinessCard = selectedWorkflowId == BUSINESS_CARD,
209:                    onBusinessCardSelected = {
211:                        selectedWorkflowId = BUSINESS_CARD
290:                    BusinessCardResultCard(
329:    selectedBusinessCard: Boolean,
332:    onBusinessCardSelected: () -> Unit
350:                selected = selectedBusinessCard,
351:                onClick = onBusinessCardSelected,
403:private fun BusinessCardResultCard(
404:    card: DocumentIntelligence.BusinessCardResult,
416:            BusinessCardRow("Name", card.name, onCopy)
417:            BusinessCardRow("Email", card.email, onCopy)
418:            BusinessCardRow("Phone", card.phone, onCopy)
419:            BusinessCardRow("Website", card.website, onCopy)
426:private fun BusinessCardRow(label: String, value: String?, onCopy: (String, String) -> Unit) {
RESULT: PASS

[18] grep -n 'scoreDocumentQuality\|QualityReport' app/src/main/java/com/synthbyte/scanmate/utils/DocumentIntelligence.kt
74:    data class QualityReport(val score: Int, val label: String, val issues: List<String>, val tips: List<String>)
76:    fun scoreDocumentQuality(ocrText: String, avgConfidence: Float, pageCount: Int): QualityReport {
112:        return QualityReport(score, label, issues, tips)
RESULT: PASS

[19] grep -n 'QualitySuccess\|scoreQuality' app/src/main/java/com/synthbyte/scanmate/ui/viewmodels/DocumentDetailViewModel.kt
33:    data class QualitySuccess(val report: DocumentIntelligence.QualityReport) : ExportState
151:    fun scoreQuality(dwp: DocumentWithPages?) = viewModelScope.launch {
155:        _exportState.value = ExportState.QualitySuccess(DocumentIntelligence.scoreDocumentQuality(text, confidence, dwp.pages.size))
RESULT: PASS

[20] grep -n 'reconstructParagraphs' app/src/main/java/com/synthbyte/scanmate/utils/OcrHelper.kt
143:                            continuation.resume(buildStats(reconstructParagraphs(result.textBlocks), result.symbolConfidencePercent()))
155:    private fun reconstructParagraphs(blocks: List<com.google.mlkit.vision.text.Text.TextBlock>): String {
RESULT: PASS

[21] grep -n 'dashPathEffect\|animAlpha' app/src/main/java/com/synthbyte/scanmate/ui/components/DocumentOverlay.kt
32:    val animAlpha by animateFloatAsState(if (isLocked) 1f else 0.55f, animationSpec = tween(300), label = "overlay_alpha")
33:    val strokeEffect = if (isLocked) null else PathEffect.dashPathEffect(floatArrayOf(14f, 7f), 0f)
34:    val fillColor = Color(0xFF00E676).copy(alpha = animAlpha * 0.15f)
35:    val strokeColor = Color(0xFF00E676).copy(alpha = animAlpha)
RESULT: PASS

[22] grep -n 'DocumentOverlay.*confidence' app/src/main/java/com/synthbyte/scanmate/ui/screens/CameraScreen.kt
375:        DocumentOverlay(corners = detectedCorners, confidence = currentConfidence)
RESULT: PASS

[23] grep -n 'No account\|No subscription' app/src/main/java/com/synthbyte/scanmate/ui/screens/OnboardingScreen.kt
82:            bullets = listOf("Local encryption", "No account. No cloud. No subscription. Ever.", "No account required", "Export only when you decide")
RESULT: PASS

[24] ls app/src/androidTest/java/com/synthbyte/scanmate/ScanToPdfPipelineTest.kt
app/src/androidTest/java/com/synthbyte/scanmate/ScanToPdfPipelineTest.kt
RESULT: PASS

[25] grep -rn 'AppDatabase\|CoroutineScope(Dispatchers\|forEach.*key()' app/src/main/java/com/synthbyte/scanmate/ui/screens --include='*.kt'
RESULT: PASS

SUMMARY: 25 passed, 0 failed
STATIC VERIFICATION: PASS
