=== VERIFY 1 publishError DocumentDetail ===
55:    private fun publishError(throwable: Throwable) {
57:        _exportState.value = ExportState.Error(msg)
58:        appViewModel.reportError(msg)
66:                _exportState.value = ExportState.Error("Run OCR first, then export DOCX")
78:        }.onFailure { throwable -> publishError(throwable) }
91:                _exportState.value = ExportState.Error("No pages found to export")
119:        }.onFailure { throwable -> publishError(throwable) }
125:                _exportState.value = ExportState.Error("No pages available for OCR")
150:                _exportState.value = ExportState.Error("No readable text found")
156:        }.onFailure { throwable -> publishError(throwable) }
161:            .onFailure { throwable -> publishError(throwable) }
166:            .onFailure { throwable -> publishError(throwable) }
171:            .onFailure { throwable -> publishError(throwable) }
182:        }.onFailure { throwable -> publishError(throwable) }
189:        }.onFailure { throwable -> publishError(throwable) }
194:            .onFailure { throwable -> publishError(throwable) }
206:            .onFailure { throwable -> publishError(throwable) }
213:        }.onFailure { throwable -> publishError(throwable) }
220:        }.onFailure { throwable -> publishError(throwable) }
227:        }.onFailure { throwable -> publishError(throwable) }
234:        }.onFailure { throwable -> publishError(throwable) }
241:        }.onFailure { throwable -> publishError(throwable) }
=== VERIFY 2 publishError PageEditor ===
51:    private fun publishError(throwable: Throwable, fallback: String = "Unknown error") {
54:        appViewModel.reportError(msg)
67:        }.onFailure { throwable -> publishError(throwable, "Filter failed") }
77:        }.onFailure { throwable -> publishError(throwable) }
86:        }.onFailure { throwable -> publishError(throwable) }
95:        }.onFailure { throwable -> publishError(throwable) }
109:        }.onFailure { throwable -> publishError(throwable) }
122:        }.onFailure { throwable -> publishError(throwable) }
127:            .onFailure { throwable -> publishError(throwable) }
=== VERIFY 3 FileUtils line count ===
87 app/src/main/java/com/synthbyte/scanmate/utils/FileUtils.kt
9:object FileUtils {
=== VERIFY 4 exporter files ===
-rw-r--r-- 1 root root 26371 May 30 02:31 app/src/main/java/com/synthbyte/scanmate/utils/DocxExporter.kt
-rw-r--r-- 1 root root 17348 May 30 02:30 app/src/main/java/com/synthbyte/scanmate/utils/ImageProcessor.kt
-rw-r--r-- 1 root root 17283 May 30 02:30 app/src/main/java/com/synthbyte/scanmate/utils/PdfExporter.kt
=== VERIFY 5 FileUtils calls across screens ===
app/src/main/java/com/synthbyte/scanmate/ui/screens/AiScreen.kt:269:                        onShare = { FileUtils.shareText(context, response) }
app/src/main/java/com/synthbyte/scanmate/ui/screens/CameraScreen.kt:210:                                val warped = FileUtils.applyPerspectiveCorrection(
app/src/main/java/com/synthbyte/scanmate/ui/screens/CameraScreen.kt:562:        FileUtils.applyFilter(bitmap, FilterType.SHARPEN)
app/src/main/java/com/synthbyte/scanmate/ui/screens/DocumentDetailScreen.kt:134:        if (exportName.isBlank()) exportName = FileUtils.sanitizeFileBaseName(title.ifBlank { "ScanMate_${docId}" })
app/src/main/java/com/synthbyte/scanmate/ui/screens/DocumentDetailScreen.kt:257:                            FileUtils.shareFile(context, firstFile, FileUtils.mimeTypeFor(firstFile))
app/src/main/java/com/synthbyte/scanmate/ui/screens/DocumentDetailScreen.kt:405:                Button(onClick = { FileUtils.openFile(context, pdfFile, "application/pdf") }) { Text("Open PDF") }
app/src/main/java/com/synthbyte/scanmate/ui/screens/DocumentDetailScreen.kt:409:                    TextButton(onClick = { FileUtils.shareFile(context, pdfFile, "application/pdf") }) { Text("Share") }
app/src/main/java/com/synthbyte/scanmate/ui/screens/DocumentDetailScreen.kt:422:                Button(onClick = { FileUtils.openFile(context, docxFile, FileUtils.mimeTypeFor(docxFile)) }) { Text("Open") }
app/src/main/java/com/synthbyte/scanmate/ui/screens/DocumentDetailScreen.kt:426:                    TextButton(onClick = { FileUtils.shareFile(context, docxFile, FileUtils.mimeTypeFor(docxFile)) }) { Text("Share") }
app/src/main/java/com/synthbyte/scanmate/ui/screens/DocumentDetailScreen.kt:446:    val bitmap = remember(firstPath) { firstPath?.let { FileUtils.decodeSampledBitmap(it, 1400, 1400) } }
app/src/main/java/com/synthbyte/scanmate/ui/screens/DocumentDetailScreen.kt:560:                    item(key = "ocr_share") { TextButton(onClick = { FileUtils.shareText(context, text) }) { Text("Share") } }
app/src/main/java/com/synthbyte/scanmate/ui/screens/DocumentDetailScreen.kt:564:                                val file = FileUtils.saveTextFile(context, text, "OCR_${dwp.document.id}_${System.currentTimeMillis()}")
app/src/main/java/com/synthbyte/scanmate/ui/screens/DocumentDetailScreen.kt:565:                                if (file != null) FileUtils.shareFile(context, file, "text/plain") else Toast.makeText(context, "TXT export failed", Toast.LENGTH_SHORT).show()
app/src/main/java/com/synthbyte/scanmate/ui/screens/DocumentDetailScreen.kt:572:                                val file = FileUtils.saveDocxText(context, text, "OCR_${dwp.document.id}_${System.currentTimeMillis()}")
app/src/main/java/com/synthbyte/scanmate/ui/screens/DocumentDetailScreen.kt:580:                                val file = FileUtils.saveXlsxFromText(context, text, "OCR_${dwp.document.id}_${System.currentTimeMillis()}")
app/src/main/java/com/synthbyte/scanmate/ui/screens/DocumentDetailScreen.kt:605:                val bitmap = remember(page.imagePath) { FileUtils.decodeSampledBitmap(page.imagePath, 360, 360) }
app/src/main/java/com/synthbyte/scanmate/ui/screens/FileManagerScreen.kt:84:        files = withContext(Dispatchers.IO) { FileUtils.listManagedFiles(context) }
app/src/main/java/com/synthbyte/scanmate/ui/screens/FileManagerScreen.kt:172:                                onOpen = { FileUtils.openFile(context, file, FileUtils.mimeTypeFor(file)) },
app/src/main/java/com/synthbyte/scanmate/ui/screens/FileManagerScreen.kt:173:                                onShare = { FileUtils.shareFile(context, file, FileUtils.mimeTypeFor(file)) },
app/src/main/java/com/synthbyte/scanmate/ui/screens/FileManagerScreen.kt:193:                                onOpen = { FileUtils.openFile(context, file, FileUtils.mimeTypeFor(file)) },
app/src/main/java/com/synthbyte/scanmate/ui/screens/FileManagerScreen.kt:194:                                onShare = { FileUtils.shareFile(context, file, FileUtils.mimeTypeFor(file)) },
app/src/main/java/com/synthbyte/scanmate/ui/screens/OcrTranslateScreen.kt:92:                val copied = withContext(Dispatchers.IO) { FileUtils.copyUriToImageFile(context, uri) }
app/src/main/java/com/synthbyte/scanmate/ui/screens/OcrTranslateScreen.kt:217:                                    TextButton(onClick = { FileUtils.shareText(context, translatedText) }) {
app/src/main/java/com/synthbyte/scanmate/ui/screens/OcrTranslateScreen.kt:225:                                            val file = FileUtils.saveTextFile(context, translatedText, "Translation_${System.currentTimeMillis()}")
app/src/main/java/com/synthbyte/scanmate/ui/screens/OcrTranslateScreen.kt:226:                                            if (file != null) FileUtils.shareFile(context, file, "text/plain") else Toast.makeText(context, "TXT export failed", Toast.LENGTH_SHORT).show()
app/src/main/java/com/synthbyte/scanmate/ui/screens/OcrTranslateScreen.kt:233:                                            val file: File? = FileUtils.saveDocxText(context, translatedText, "Translation_${System.currentTimeMillis()}")
app/src/main/java/com/synthbyte/scanmate/ui/screens/OcrTranslateScreen.kt:234:                                            if (file != null) FileUtils.shareFile(context, file, FileUtils.mimeTypeFor(file)) else Toast.makeText(context, "DOCX export failed", Toast.LENGTH_SHORT).show()
app/src/main/java/com/synthbyte/scanmate/ui/screens/PageEditorScreen.kt:190:            viewModel.pushBitmap(withContext(Dispatchers.IO) { FileUtils.decodeSampledBitmap(path, 2600, 2600) })
app/src/main/java/com/synthbyte/scanmate/ui/screens/PageEditorScreen.kt:204:                            viewModel.pushBitmap(withContext(Dispatchers.IO) { FileUtils.decodeSampledBitmap(path, 2600, 2600) })
app/src/main/java/com/synthbyte/scanmate/ui/screens/PageEditorScreen.kt:292:                    workingBitmap?.let { viewModel.pushBitmap(FileUtils.rotateBitmap(it, -90f)) }
app/src/main/java/com/synthbyte/scanmate/ui/screens/PageEditorScreen.kt:299:                    workingBitmap?.let { viewModel.pushBitmap(FileUtils.rotateBitmap(it, 90f)) }
app/src/main/java/com/synthbyte/scanmate/ui/screens/PageEditorScreen.kt:315:                        viewModel.pushBitmap(withContext(Dispatchers.Default) { FileUtils.autoCropDocument(current) })
app/src/main/java/com/synthbyte/scanmate/ui/screens/PageEditorScreen.kt:333:                        viewModel.pushBitmap(withContext(Dispatchers.Default) { FileUtils.autoCropDocument(current) })
app/src/main/java/com/synthbyte/scanmate/ui/screens/PageEditorScreen.kt:440:                workingBitmap?.let { viewModel.pushBitmap(FileUtils.cropBitmapNormalized(it, left, top, right, bottom)) }
app/src/main/java/com/synthbyte/scanmate/ui/screens/PageEditorScreen.kt:462:                    workingBitmap?.let { viewModel.pushBitmap(FileUtils.drawWatermarkOnBitmap(it, watermarkText)) }
app/src/main/java/com/synthbyte/scanmate/ui/screens/PageEditorScreen.kt:486:                    workingBitmap?.let { viewModel.pushBitmap(FileUtils.drawNoteStampOnBitmap(it, noteText)) }
app/src/main/java/com/synthbyte/scanmate/ui/screens/PageEditorScreen.kt:500:                workingBitmap?.let { viewModel.pushBitmap(FileUtils.perspectiveCorrectBitmapNormalized(it, tlx, tly, trx, tryY, brx, bry, blx, bly)) }
app/src/main/java/com/synthbyte/scanmate/ui/screens/PdfToolsScreen.kt:212:                            FileUtils.generatePdfFromBitmaps(context, bitmaps, outputName, quality)
app/src/main/java/com/synthbyte/scanmate/ui/screens/PdfToolsScreen.kt:230:                                    FileUtils.generatePdfFromBitmaps(context, pages, outputName, quality)
app/src/main/java/com/synthbyte/scanmate/ui/screens/PdfToolsScreen.kt:253:                                val pages = FileUtils.renderPdfUriToBitmaps(context, selectedPdfs.first(), maxWidth = widthFor(quality), pageRange = start..end)
app/src/main/java/com/synthbyte/scanmate/ui/screens/PdfToolsScreen.kt:255:                                    FileUtils.generatePdfFromBitmaps(context, pages, "${outputName}_pages_${start}_$end", quality)
app/src/main/java/com/synthbyte/scanmate/ui/screens/PdfToolsScreen.kt:299:                            FileUtils.saveDocxText(context, text, outputName)
app/src/main/java/com/synthbyte/scanmate/ui/screens/PdfToolsScreen.kt:320:                            FileUtils.saveXlsxFromText(context, text, outputName)
app/src/main/java/com/synthbyte/scanmate/ui/screens/PdfToolsScreen.kt:340:                            FileUtils.savePptxFromBitmaps(context, pages, outputName)
app/src/main/java/com/synthbyte/scanmate/ui/screens/PdfToolsScreen.kt:360:                            FileUtils.saveRenderedPdfPagesAsImages(context, pages, outputName)
app/src/main/java/com/synthbyte/scanmate/ui/screens/PdfToolsScreen.kt:382:                            FileUtils.saveLongImageFromBitmaps(context, pages, outputName)
app/src/main/java/com/synthbyte/scanmate/ui/screens/PdfToolsScreen.kt:404:                        val output = FileUtils.generatePdfFromText(context, textToPdf, outputName)
app/src/main/java/com/synthbyte/scanmate/ui/screens/PdfToolsScreen.kt:451:    val name = remember(uri) { FileUtils.getDisplayName(context, uri) }
app/src/main/java/com/synthbyte/scanmate/ui/screens/PdfToolsScreen.kt:500:    val mimeType = remember(file) { FileUtils.mimeTypeFor(file) }
app/src/main/java/com/synthbyte/scanmate/ui/screens/PdfToolsScreen.kt:506:            Button(onClick = { FileUtils.openFile(context, file, mimeType) }) {
app/src/main/java/com/synthbyte/scanmate/ui/screens/PdfToolsScreen.kt:513:                TextButton(onClick = { FileUtils.shareFile(context, file, mimeType) }) {
app/src/main/java/com/synthbyte/scanmate/ui/screens/PdfToolsScreen.kt:534:    return selectedPdfs.flatMap { uri -> FileUtils.renderPdfUriToBitmaps(context, uri, maxWidth = widthFor(quality)) }
app/src/main/java/com/synthbyte/scanmate/ui/screens/QrScannerScreen.kt:342:                            TextButton(onClick = { FileUtils.shareText(context, result, "Share QR scan") }) {
app/src/main/java/com/synthbyte/scanmate/ui/screens/QrScreen.kt:271:                                        val file = FileUtils.saveBitmapAsPng(context, bitmap, "QR_${System.currentTimeMillis()}")
app/src/main/java/com/synthbyte/scanmate/ui/screens/QrScreen.kt:277:                                        val file = FileUtils.saveBitmapAsPng(context, bitmap, "QR_Share_${System.currentTimeMillis()}")
app/src/main/java/com/synthbyte/scanmate/ui/screens/QrScreen.kt:278:                                        if (file != null) FileUtils.shareFile(context, file, "image/png")
app/src/main/java/com/synthbyte/scanmate/ui/screens/QrScreen.kt:325:                TextButton(onClick = { FileUtils.shareText(context, value) }) { Text("Share") }
app/src/main/java/com/synthbyte/scanmate/ui/screens/SignatureScreen.kt:103:        selectedBitmap = withContext(Dispatchers.IO) { page?.imagePath?.let { FileUtils.decodeSampledBitmap(it, 1800, 1800) } }
app/src/main/java/com/synthbyte/scanmate/ui/screens/SignatureScreen.kt:183:                        val file = FileUtils.saveBitmapToFolder(context, bitmap, "Signatures", "Signature_${System.currentTimeMillis()}", Bitmap.CompressFormat.PNG, 100)
app/src/main/java/com/synthbyte/scanmate/ui/screens/SignatureScreen.kt:237:                                val pageBitmap = FileUtils.decodeSampledBitmap(targetPage.imagePath, 2600, 2600) ?: return@withContext null
app/src/main/java/com/synthbyte/scanmate/ui/screens/SignatureScreen.kt:239:                                val stamped = FileUtils.drawSignatureOnBitmap(pageBitmap, sigBitmap)
app/src/main/java/com/synthbyte/scanmate/ui/screens/SignatureScreen.kt:240:                                FileUtils.saveEditedBitmap(context, stamped, "SIGNED_PAGE_${targetPage.id}")
app/src/main/java/com/synthbyte/scanmate/ui/screens/VaultScreen.kt:72:                FileUtils.appFolder(context, "Vault")
app/src/main/java/com/synthbyte/scanmate/ui/screens/VaultScreen.kt:126:                        onShare = { FileUtils.shareFile(context, file, "application/octet-stream") },
app/src/main/java/com/synthbyte/scanmate/ui/screens/VaultScreen.kt:140:                TextButton(onClick = { FileUtils.shareText(context, previewText.orEmpty(), "Share decrypted text") }) { Text("Share text") }
app/src/main/java/com/synthbyte/scanmate/ui/screens/ZipScreen.kt:54:        fileCount = withContext(Dispatchers.IO) { FileUtils.listManagedFiles(context).size }
app/src/main/java/com/synthbyte/scanmate/ui/screens/ZipScreen.kt:95:                        val files = withContext(Dispatchers.IO) { FileUtils.listManagedFiles(context) }
app/src/main/java/com/synthbyte/scanmate/ui/screens/ZipScreen.kt:102:                                FileUtils.shareFile(context, zip, "application/zip")
app/src/main/java/com/synthbyte/scanmate/ui/screens/ZipScreen.kt:107:                        fileCount = withContext(Dispatchers.IO) { FileUtils.listManagedFiles(context).size }
app/src/main/java/com/synthbyte/scanmate/ui/screens/ZipScreen.kt:115:                    val latest = FileUtils.listManagedFiles(context).firstOrNull { it.extension.equals("zip", ignoreCase = true) }
app/src/main/java/com/synthbyte/scanmate/ui/screens/ZipScreen.kt:116:                    if (latest != null) FileUtils.shareFile(context, latest, "application/zip") else Toast.makeText(context, "No ZIP backup found", Toast.LENGTH_SHORT).show()
=== VERIFY 6 dao in QrScreen ===
=== VERIFY 7 QR methods ===
app/src/main/java/com/synthbyte/scanmate/ui/viewmodels/DocumentViewModel.kt:33:    val qrHistory: Flow<List<QrHistory>> = dao.getQrHistory()
app/src/main/java/com/synthbyte/scanmate/ui/viewmodels/DocumentViewModel.kt:128:    fun insertQrHistory(value: String, type: String) = viewModelScope.launch(Dispatchers.IO) {
app/src/main/java/com/synthbyte/scanmate/ui/viewmodels/DocumentViewModel.kt:129:        runCatching { dao.insertQrHistory(QrHistory(value = value, type = type)) }
app/src/main/java/com/synthbyte/scanmate/ui/viewmodels/DocumentViewModel.kt:133:    fun clearQrHistory() = viewModelScope.launch(Dispatchers.IO) {
app/src/main/java/com/synthbyte/scanmate/ui/viewmodels/DocumentViewModel.kt:134:        runCatching { dao.clearQrHistory() }
app/src/main/java/com/synthbyte/scanmate/data/DocDao.kt:136:    suspend fun insertQrHistory(item: QrHistory): Long
app/src/main/java/com/synthbyte/scanmate/data/DocDao.kt:142:    suspend fun clearQrHistory()
=== VERIFY 8 PageEditor bitmap ===
44:    private val _workingBitmap = MutableStateFlow<Bitmap?>(null)
45:    val workingBitmap: StateFlow<Bitmap?> = _workingBitmap.asStateFlow()
58:        _workingBitmap.value = bitmap
61:    fun applyFilter(filterId: String) = viewModelScope.launch(Dispatchers.IO) {
62:        val current = _workingBitmap.value ?: return@launch
66:            _workingBitmap.value = filtered
70:    fun applyFilter(filter: FilterType) = applyFilter(filter.name)
=== VERIFY 9 hiltViewModel ===
app/src/main/java/com/synthbyte/scanmate/MainActivity.kt:32:import androidx.hilt.navigation.compose.hiltViewModel
app/src/main/java/com/synthbyte/scanmate/MainActivity.kt:80:            val appViewModel: AppViewModel = hiltViewModel()
app/src/main/java/com/synthbyte/scanmate/ui/components/GlobalErrorBoundary.kt:27:import androidx.hilt.navigation.compose.hiltViewModel
app/src/main/java/com/synthbyte/scanmate/ui/components/GlobalErrorBoundary.kt:32:    appViewModel: AppViewModel = hiltViewModel(),
app/src/main/java/com/synthbyte/scanmate/ui/screens/AiScreen.kt:67:import androidx.hilt.navigation.compose.hiltViewModel
app/src/main/java/com/synthbyte/scanmate/ui/screens/AiScreen.kt:89:    val documentViewModel: DocumentViewModel = hiltViewModel()
app/src/main/java/com/synthbyte/scanmate/ui/screens/CameraScreen.kt:100:import androidx.hilt.navigation.compose.hiltViewModel
app/src/main/java/com/synthbyte/scanmate/ui/screens/CameraScreen.kt:142:    val viewModel: CameraViewModel = hiltViewModel()
app/src/main/java/com/synthbyte/scanmate/ui/screens/DocumentDetailScreen.kt:111:    val viewModel: DocumentDetailViewModel = hiltViewModel()
app/src/main/java/com/synthbyte/scanmate/ui/screens/DocumentDetailScreen.kt:96:import androidx.hilt.navigation.compose.hiltViewModel
app/src/main/java/com/synthbyte/scanmate/ui/screens/HomeScreen.kt:44:import androidx.hilt.navigation.compose.hiltViewModel
app/src/main/java/com/synthbyte/scanmate/ui/screens/HomeScreen.kt:76:    val viewModel: DocumentViewModel = hiltViewModel()
app/src/main/java/com/synthbyte/scanmate/ui/screens/PageEditorScreen.kt:102:    val viewModel: PageEditorViewModel = hiltViewModel()
app/src/main/java/com/synthbyte/scanmate/ui/screens/PageEditorScreen.kt:87:import androidx.hilt.navigation.compose.hiltViewModel
app/src/main/java/com/synthbyte/scanmate/ui/screens/QrScreen.kt:105:    val documentViewModel: DocumentViewModel = hiltViewModel()
app/src/main/java/com/synthbyte/scanmate/ui/screens/QrScreen.kt:75:import androidx.hilt.navigation.compose.hiltViewModel
=== VERIFY 10 deleted providers ===
=== VERIFY 11 application manifest ===
app/src/main/java/com/synthbyte/scanmate/ScanMateApplication.kt:4:import dagger.hilt.android.HiltAndroidApp
app/src/main/java/com/synthbyte/scanmate/ScanMateApplication.kt:6:@HiltAndroidApp
app/src/main/AndroidManifest.xml:11:        android:name=".ScanMateApplication"
=== VERIFY 12 MainActivity AndroidEntryPoint ===
55:import dagger.hilt.android.AndroidEntryPoint
58:@AndroidEntryPoint
59:class MainActivity : ComponentActivity() {
=== VERIFY 13 build output ===
