# Static verification V4

## 1 remember.*decodeSampledBitmap

## 2 produceState
449:    val bitmap by androidx.compose.runtime.produceState<Bitmap?>(null, firstPath) {
617:                val bitmap by androidx.compose.runtime.produceState<Bitmap?>(null, page.imagePath) {

## 3 CameraScreen applyFilter.*bitmap

## 4 CameraViewModel previewBitmap/applyPreviewFilter
32:    private val _previewBitmap = MutableStateFlow<Bitmap?>(null)
33:    val previewBitmap: StateFlow<Bitmap?> = _previewBitmap.asStateFlow()
35:    fun applyPreviewFilter(bitmap: Bitmap, filter: FilterType) = viewModelScope.launch(Dispatchers.IO) {
37:            _previewBitmap.value = ImageProcessor.applyFilter(bitmap, filter)
38:        }.onFailure { _previewBitmap.value = bitmap }
45:        _previewBitmap.value = sharpened.copy(Bitmap.Config.ARGB_8888, false)

## 5 PageEditorScreen withContext.*decodeSampledBitmap

## 6 PageEditorViewModel loadPageBitmap
61:    fun loadPageBitmap(path: String) = viewModelScope.launch(Dispatchers.IO) {

## 7 requested test files
app/src/test/java/com/synthbyte/scanmate/ExportStateTest.kt
app/src/test/java/com/synthbyte/scanmate/FileUtilsFacadeTest.kt
app/src/test/java/com/synthbyte/scanmate/OcrHelperTest.kt
app/src/test/java/com/synthbyte/scanmate/PdfExporterTest.kt

## 8 test dependencies
app/build.gradle.kts:147:    testImplementation(libs.kotlinx.coroutines.test)
app/build.gradle.kts:148:    testImplementation(libs.hilt.android.testing)
app/build.gradle.kts:163:    kaptTest(libs.hilt.compiler)
gradle/libs.versions.toml:52:kotlinx-coroutines-test = { group = "org.jetbrains.kotlinx", name = "kotlinx-coroutines-test", version.ref = "kotlinxCoroutines" }
gradle/libs.versions.toml:76:hilt-android-testing = { group = "com.google.dagger", name = "hilt-android-testing", version.ref = "hilt" }

## Extra: publish error
55:    private fun publishError(throwable: Throwable) {
56:        publishErrorMessage(throwable.localizedMessage ?: "Unknown error")
59:    private fun publishErrorMessage(message: String) {
67:                publishErrorMessage("No document available for DOCX export")
72:                publishErrorMessage("Run OCR first, then export DOCX")
86:                publishErrorMessage("DOCX export failed")
88:        }.onFailure { throwable -> publishError(throwable) }
101:                publishErrorMessage("No pages found to export")
131:                publishErrorMessage("PDF export failed. Check that pages are valid images.")
133:        }.onFailure { throwable -> publishError(throwable) }
139:                publishErrorMessage("No pages available for OCR")
164:                publishErrorMessage("No readable text found")
170:        }.onFailure { throwable -> publishError(throwable) }
175:            .onFailure { throwable -> publishError(throwable) }
180:            .onFailure { throwable -> publishError(throwable) }
185:            .onFailure { throwable -> publishError(throwable) }
196:        }.onFailure { throwable -> publishError(throwable) }
203:        }.onFailure { throwable -> publishError(throwable) }
208:            .onFailure { throwable -> publishError(throwable) }
220:            .onFailure { throwable -> publishError(throwable) }
227:        }.onFailure { throwable -> publishError(throwable) }
234:        }.onFailure { throwable -> publishError(throwable) }
241:        }.onFailure { throwable -> publishError(throwable) }
248:        }.onFailure { throwable -> publishError(throwable) }
255:        }.onFailure { throwable -> publishError(throwable) }

## Extra: duplicate reorderPage check
244:    fun reorderPage(pageId: Long, newOrder: Int) = viewModelScope.launch(Dispatchers.IO) {
251:    fun reorderPages(pages: List<Page>, onDone: () -> Unit = {}) = viewModelScope.launch(Dispatchers.IO) {
